<?xml version="1.0" encoding="UTF-8"?>
<!-- Generated by org.testng.reporters.JUnitReportReporter -->
<testsuite hostname="LTIN215913" failures="0" tests="4" name="test_Cases.TS_1" time="47.223" errors="0" timestamp="2024-03-22T15:57:49 IST" skipped="0">
  <testcase classname="test_Cases.TS_1" name="Handle_Popup" time="40.588"/>
  <testcase classname="test_Cases.TS_1" name="Price_Setting" time="2.787"/>
  <testcase classname="test_Cases.TS_1" name="Storage_Stock" time="0.539"/>
  <testcase classname="test_Cases.TS_1" name="BookShelve" time="3.309"/>
</testsuite> <!-- test_Cases.TS_1 -->
