<?xml version="1.0" encoding="UTF-8"?>
<!-- Generated by org.testng.reporters.JUnitReportReporter -->
<testsuite hostname="LTIN215913" failures="0" tests="6" name="test_Cases.TS_3" time="8.952" errors="0" timestamp="2024-03-21T12:47:14 IST" skipped="0">
  <testcase classname="test_Cases.TS_3" name="click_gift_card" time="4.945"/>
  <testcase classname="test_Cases.TS_3" name="click_bNa" time="0.311"/>
  <testcase classname="test_Cases.TS_3" name="gift_info" time="1.478"/>
  <testcase classname="test_Cases.TS_3" name="recipient_info" time="0.857"/>
  <testcase classname="test_Cases.TS_3" name="senders_info" time="1.313"/>
  <testcase classname="test_Cases.TS_3" name="error_info" time="0.048"/>
</testsuite> <!-- test_Cases.TS_3 -->
