<?xml version="1.0" encoding="UTF-8"?>
<!-- Generated by org.testng.reporters.JUnitReportReporter -->
<testsuite hostname="LTIN215913" failures="0" tests="1" name="test_Cases.TS_3" time="11.386" errors="0" timestamp="2024-03-17T18:16:24 IST" skipped="0">
  <testcase classname="test_Cases.TS_3" name="gift_card" time="11.386"/>
</testsuite> <!-- test_Cases.TS_3 -->
