<?xml version="1.0" encoding="UTF-8"?>
<!-- Generated by org.testng.reporters.JUnitReportReporter -->
<testsuite hostname="LTIN215913" failures="0" tests="4" name="test_Cases.TS_1" time="15.125" errors="0" timestamp="2024-03-21T12:47:14 IST" skipped="0">
  <testcase classname="test_Cases.TS_1" name="Handle_Popup" time="6.715"/>
  <testcase classname="test_Cases.TS_1" name="Price_Setting" time="3.167"/>
  <testcase classname="test_Cases.TS_1" name="Storage_Stock" time="1.148"/>
  <testcase classname="test_Cases.TS_1" name="BookShelve" time="4.095"/>
</testsuite> <!-- test_Cases.TS_1 -->
