<?xml version="1.0" encoding="UTF-8"?>
<!-- Generated by org.testng.reporters.JUnitReportReporter -->
<testsuite hostname="LTIN215913" failures="0" tests="6" name="test_Cases.TS_2" time="13.844" errors="0" timestamp="2024-03-21T12:47:14 IST" skipped="0">
  <testcase classname="test_Cases.TS_2" name="Popup_Handling" time="5.980"/>
  <testcase classname="test_Cases.TS_2" name="hover_price" time="3.147"/>
  <testcase classname="test_Cases.TS_2" name="Storage_Stock" time="1.106"/>
  <testcase classname="test_Cases.TS_2" name="select_Home_dkr" time="0.955"/>
  <testcase classname="test_Cases.TS_2" name="Print_Book2" time="0.648"/>
  <testcase classname="test_Cases.TS_2" name="print_collection" time="2.008"/>
</testsuite> <!-- test_Cases.TS_2 -->
