<?xml version="1.0" encoding="UTF-8"?>
<!-- Generated by org.testng.reporters.JUnitReportReporter -->
<testsuite hostname="LTIN215913" failures="0" tests="6" name="test_Cases.TS_3" time="49.076" errors="0" timestamp="2024-03-22T15:57:49 IST" skipped="0">
  <testcase classname="test_Cases.TS_3" name="click_gift_card" time="43.166"/>
  <testcase classname="test_Cases.TS_3" name="click_bNa" time="0.302"/>
  <testcase classname="test_Cases.TS_3" name="gift_info" time="3.595"/>
  <testcase classname="test_Cases.TS_3" name="recipient_info" time="0.586"/>
  <testcase classname="test_Cases.TS_3" name="senders_info" time="1.377"/>
  <testcase classname="test_Cases.TS_3" name="error_info" time="0.050"/>
</testsuite> <!-- test_Cases.TS_3 -->
