<?xml version="1.0" encoding="UTF-8"?>
<!-- Generated by org.testng.reporters.JUnitReportReporter -->
<testsuite hostname="LTIN215913" failures="0" tests="1" name="test_Cases.TS_2" time="34.407" errors="0" timestamp="2024-03-17T18:16:24 IST" skipped="0">
  <testcase classname="test_Cases.TS_2" name="Verify_Collections" time="34.407"/>
</testsuite> <!-- test_Cases.TS_2 -->
