<?xml version="1.0" encoding="UTF-8"?>
<!-- Generated by org.testng.reporters.JUnitReportReporter -->
<testsuite hostname="LTIN215913" failures="0" tests="6" name="test_Cases.TS_2" time="46.150" errors="0" timestamp="2024-03-22T15:57:49 IST" skipped="0">
  <testcase classname="test_Cases.TS_2" name="Popup_Handling" time="40.190"/>
  <testcase classname="test_Cases.TS_2" name="hover_price" time="2.774"/>
  <testcase classname="test_Cases.TS_2" name="Storage_Stock" time="0.460"/>
  <testcase classname="test_Cases.TS_2" name="select_Home_dkr" time="0.325"/>
  <testcase classname="test_Cases.TS_2" name="Print_Book2" time="0.609"/>
  <testcase classname="test_Cases.TS_2" name="print_collection" time="1.792"/>
</testsuite> <!-- test_Cases.TS_2 -->
