<?xml version="1.0" encoding="UTF-8"?>
<!-- Generated by org.testng.reporters.JUnitReportReporter -->
<testsuite hostname="LTIN215913" failures="0" tests="1" name="test_Cases.TS_1" time="19.428" errors="0" timestamp="2024-03-17T18:39:40 IST" skipped="0">
  <testcase classname="test_Cases.TS_1" name="verify" time="19.428"/>
</testsuite> <!-- test_Cases.TS_1 -->
