<?xml version="1.0" encoding="UTF-8"?>
<!-- Generated by org.testng.reporters.JUnitReportReporter -->
<testsuite hostname="LTIN215913" failures="0" tests="5" name="test_Cases.TS_Login" time="16.604" errors="0" timestamp="2024-03-21T12:47:14 IST" skipped="0">
  <testcase classname="test_Cases.TS_Login" name="LoginClick" time="3.327"/>
  <testcase classname="test_Cases.TS_Login" name="InvalidLogin" time="2.998"/>
  <testcase classname="test_Cases.TS_Login" name="Error_Navigate" time="4.230"/>
  <testcase classname="test_Cases.TS_Login" name="LoginClickNew" time="2.497"/>
  <testcase classname="test_Cases.TS_Login" name="ValidLogin" time="3.552"/>
</testsuite> <!-- test_Cases.TS_Login -->
