<?xml version="1.0" encoding="UTF-8"?>
<!-- Generated by org.testng.reporters.JUnitReportReporter -->
<testsuite hostname="LTIN215913" failures="0" tests="8" name="test_Cases.TS_1" time="23.656" errors="0" timestamp="2024-03-20T16:48:36 IST" skipped="0">
  <testcase classname="test_Cases.TS_1" name="PrintBook_1" time="8.837"/>
  <testcase classname="test_Cases.TS_1" name="Popup" time="0.262"/>
  <testcase classname="test_Cases.TS_1" name="Price" time="0.302"/>
  <testcase classname="test_Cases.TS_1" name="Slider" time="5.774"/>
  <testcase classname="test_Cases.TS_1" name="Hover" time="0.220"/>
  <testcase classname="test_Cases.TS_1" name="StockPrice" time="0.486"/>
  <testcase classname="test_Cases.TS_1" name="ExcludeStock" time="1.312"/>
  <testcase classname="test_Cases.TS_1" name="BookShelve" time="6.463"/>
</testsuite> <!-- test_Cases.TS_1 -->
