<?xml version="1.0" encoding="UTF-8"?>
<!-- Generated by org.testng.reporters.JUnitReportReporter -->
<testsuite hostname="LTIN215913" failures="0" tests="11" name="test_Cases.TS_Login" time="23.639" errors="0" timestamp="2024-03-20T16:48:36 IST" skipped="0">
  <testcase classname="test_Cases.TS_Login" name="Login" time="2.547"/>
  <testcase classname="test_Cases.TS_Login" name="LoginClick" time="1.324"/>
  <testcase classname="test_Cases.TS_Login" name="EmailWrite" time="2.217"/>
  <testcase classname="test_Cases.TS_Login" name="Passwrd" time="0.545"/>
  <testcase classname="test_Cases.TS_Login" name="Login_Btnn" time="1.459"/>
  <testcase classname="test_Cases.TS_Login" name="Error" time="7.852"/>
  <testcase classname="test_Cases.TS_Login" name="Loginnew" time="1.347"/>
  <testcase classname="test_Cases.TS_Login" name="LoginClicknew" time="1.503"/>
  <testcase classname="test_Cases.TS_Login" name="Emailnew1" time="1.912"/>
  <testcase classname="test_Cases.TS_Login" name="Passnew" time="0.844"/>
  <testcase classname="test_Cases.TS_Login" name="loginnew" time="2.089"/>
</testsuite> <!-- test_Cases.TS_Login -->
