<?xml version="1.0" encoding="UTF-8"?>
<!-- Generated by org.testng.reporters.JUnitReportReporter -->
<testsuite hostname="LTIN215913" failures="0" tests="6" name="test_Cases.TS_3" time="16.785" errors="0" timestamp="2024-03-20T16:48:36 IST" skipped="0">
  <testcase classname="test_Cases.TS_3" name="click_gift_card" time="9.536"/>
  <testcase classname="test_Cases.TS_3" name="click_bNa" time="0.401"/>
  <testcase classname="test_Cases.TS_3" name="gift_info" time="2.437"/>
  <testcase classname="test_Cases.TS_3" name="recipient_info" time="1.191"/>
  <testcase classname="test_Cases.TS_3" name="senders_info" time="3.027"/>
  <testcase classname="test_Cases.TS_3" name="error_info" time="0.193"/>
</testsuite> <!-- test_Cases.TS_3 -->
